  word2phrase.c
word2phrase.c(53): warning C4996: 'strcpy': This function or variable may be unsafe. Consider using strcpy_s instead. To disable deprecation, use _CRT_SECURE_NO_WARNINGS. See online help for details.
word2phrase.c(70): warning C4244: “return”: 从“unsigned __int64”转换到“int”，可能丢失数据
word2phrase.c(97): warning C4996: 'strcpy': This function or variable may be unsafe. Consider using strcpy_s instead. To disable deprecation, use _CRT_SECURE_NO_WARNINGS. See online help for details.
word2phrase.c(103): warning C4244: “函数”: 从“__int64”转换到“::size_t”，可能丢失数据
word2phrase.c(107): warning C4244: “=”: 从“__int64”转换到“int”，可能丢失数据
word2phrase.c(108): warning C4244: “return”: 从“__int64”转换到“int”，可能丢失数据
word2phrase.c(113): warning C4244: “return”: 从“__int64”转换到“int”，可能丢失数据
word2phrase.c(121): warning C4244: “函数”: 从“__int64”转换到“::size_t”，可能丢失数据
word2phrase.c(136): warning C4244: “函数”: 从“__int64”转换到“::size_t”，可能丢失数据
word2phrase.c(195): warning C4996: 'strcpy': This function or variable may be unsafe. Consider using strcpy_s instead. To disable deprecation, use _CRT_SECURE_NO_WARNINGS. See online help for details.
word2phrase.c(166): warning C4996: 'fopen': This function or variable may be unsafe. Consider using fopen_s instead. To disable deprecation, use _CRT_SECURE_NO_WARNINGS. See online help for details.
  C:\Program Files (x86)\Windows Kits\10\Include\10.0.15063.0\ucrt\stdio.h(207): note: 参见“fopen”的声明
word2phrase.c(193): warning C4996: 'sprintf': This function or variable may be unsafe. Consider using sprintf_s instead. To disable deprecation, use _CRT_SECURE_NO_WARNINGS. See online help for details.
  C:\Program Files (x86)\Windows Kits\10\Include\10.0.15063.0\ucrt\stdio.h(1772): note: 参见“sprintf”的声明
word2phrase.c(223): warning C4996: 'strcpy': This function or variable may be unsafe. Consider using strcpy_s instead. To disable deprecation, use _CRT_SECURE_NO_WARNINGS. See online help for details.
word2phrase.c(219): warning C4996: 'fopen': This function or variable may be unsafe. Consider using fopen_s instead. To disable deprecation, use _CRT_SECURE_NO_WARNINGS. See online help for details.
  C:\Program Files (x86)\Windows Kits\10\Include\10.0.15063.0\ucrt\stdio.h(207): note: 参见“fopen”的声明
word2phrase.c(220): warning C4996: 'fopen': This function or variable may be unsafe. Consider using fopen_s instead. To disable deprecation, use _CRT_SECURE_NO_WARNINGS. See online help for details.
  C:\Program Files (x86)\Windows Kits\10\Include\10.0.15063.0\ucrt\stdio.h(207): note: 参见“fopen”的声明
word2phrase.c(240): warning C4996: 'sprintf': This function or variable may be unsafe. Consider using sprintf_s instead. To disable deprecation, use _CRT_SECURE_NO_WARNINGS. See online help for details.
  C:\Program Files (x86)\Windows Kits\10\Include\10.0.15063.0\ucrt\stdio.h(1772): note: 参见“sprintf”的声明
word2phrase.c(290): warning C4996: 'strcpy': This function or variable may be unsafe. Consider using strcpy_s instead. To disable deprecation, use _CRT_SECURE_NO_WARNINGS. See online help for details.
word2phrase.c(292): warning C4996: 'strcpy': This function or variable may be unsafe. Consider using strcpy_s instead. To disable deprecation, use _CRT_SECURE_NO_WARNINGS. See online help for details.
word2phrase.c(294): warning C4244: “=”: 从“double”转换到“real”，可能丢失数据
word2phrase.c(295): warning C4244: “函数”: 从“__int64”转换到“::size_t”，可能丢失数据
  正在生成代码
  18 of 18 functions (100.0%) were compiled, the rest were copied from previous compilation.
    0 functions were new in current compilation
    0 functions had inline decision re-evaluated but remain unchanged
  已完成代码的生成
  word2phrase.vcxproj -> E:\ano\Workspace\word2vec-win\vs\x86\word2phrase\Release\word2phrase.exe
  word2phrase.vcxproj -> E:\ano\Workspace\word2vec-win\vs\x86\word2phrase\Release\word2phrase.pdb (Full PDB)
