  compute-accuracy.c
compute-accuracy.c(41): warning C4996: 'strcpy': This function or variable may be unsafe. Consider using strcpy_s instead. To disable deprecation, use _CRT_SECURE_NO_WARNINGS. See online help for details.
compute-accuracy.c(69): warning C4244: “=”: 从“double”转换到“float”，可能丢失数据
compute-accuracy.c(78): warning C4018: “<”: 有符号/无符号不匹配
compute-accuracy.c(95): warning C4018: “<”: 有符号/无符号不匹配
compute-accuracy.c(97): warning C4018: “<”: 有符号/无符号不匹配
compute-accuracy.c(99): warning C4018: “<”: 有符号/无符号不匹配
compute-accuracy.c(126): warning C4996: 'strcpy': This function or variable may be unsafe. Consider using strcpy_s instead. To disable deprecation, use _CRT_SECURE_NO_WARNINGS. See online help for details.
compute-accuracy.c(129): warning C4996: 'strcpy': This function or variable may be unsafe. Consider using strcpy_s instead. To disable deprecation, use _CRT_SECURE_NO_WARNINGS. See online help for details.
compute-accuracy.c(43): warning C4996: 'fopen': This function or variable may be unsafe. Consider using fopen_s instead. To disable deprecation, use _CRT_SECURE_NO_WARNINGS. See online help for details.
  C:\Program Files (x86)\Windows Kits\10\Include\10.0.10240.0\ucrt\stdio.h(205): note: 参见“fopen”的声明
compute-accuracy.c(48): warning C4996: 'fscanf': This function or variable may be unsafe. Consider using fscanf_s instead. To disable deprecation, use _CRT_SECURE_NO_WARNINGS. See online help for details.
  C:\Program Files (x86)\Windows Kits\10\Include\10.0.10240.0\ucrt\stdio.h(1193): note: 参见“fscanf”的声明
compute-accuracy.c(50): warning C4996: 'fscanf': This function or variable may be unsafe. Consider using fscanf_s instead. To disable deprecation, use _CRT_SECURE_NO_WARNINGS. See online help for details.
  C:\Program Files (x86)\Windows Kits\10\Include\10.0.10240.0\ucrt\stdio.h(1193): note: 参见“fscanf”的声明
compute-accuracy.c(77): warning C4996: 'scanf': This function or variable may be unsafe. Consider using scanf_s instead. To disable deprecation, use _CRT_SECURE_NO_WARNINGS. See online help for details.
  C:\Program Files (x86)\Windows Kits\10\Include\10.0.10240.0\ucrt\stdio.h(1270): note: 参见“scanf”的声明
compute-accuracy.c(86): warning C4996: 'scanf': This function or variable may be unsafe. Consider using scanf_s instead. To disable deprecation, use _CRT_SECURE_NO_WARNINGS. See online help for details.
  C:\Program Files (x86)\Windows Kits\10\Include\10.0.10240.0\ucrt\stdio.h(1270): note: 参见“scanf”的声明
compute-accuracy.c(94): warning C4996: 'scanf': This function or variable may be unsafe. Consider using scanf_s instead. To disable deprecation, use _CRT_SECURE_NO_WARNINGS. See online help for details.
  C:\Program Files (x86)\Windows Kits\10\Include\10.0.10240.0\ucrt\stdio.h(1270): note: 参见“scanf”的声明
compute-accuracy.c(96): warning C4996: 'scanf': This function or variable may be unsafe. Consider using scanf_s instead. To disable deprecation, use _CRT_SECURE_NO_WARNINGS. See online help for details.
  C:\Program Files (x86)\Windows Kits\10\Include\10.0.10240.0\ucrt\stdio.h(1270): note: 参见“scanf”的声明
compute-accuracy.c(98): warning C4996: 'scanf': This function or variable may be unsafe. Consider using scanf_s instead. To disable deprecation, use _CRT_SECURE_NO_WARNINGS. See online help for details.
  C:\Program Files (x86)\Windows Kits\10\Include\10.0.10240.0\ucrt\stdio.h(1270): note: 参见“scanf”的声明
compute-accuracy.c(31): warning C4101: “ch”: 未引用的局部变量
  正在生成代码
  All 8 functions were compiled because no usable IPDB/IOBJ from previous compilation was found.
  已完成代码的生成
  compute-accuracy.vcxproj -> E:\ano\Workspace\word2vec-win\vs\x64\compute-accuracy\x64\Release\compute-accuracy.exe
  compute-accuracy.vcxproj -> E:\ano\Workspace\word2vec-win\vs\x64\compute-accuracy\x64\Release\compute-accuracy.pdb (Full PDB)
