  distance.c
distance.c(40): warning C4996: 'strcpy': This function or variable may be unsafe. Consider using strcpy_s instead. To disable deprecation, use _CRT_SECURE_NO_WARNINGS. See online help for details.
distance.c(48): warning C4244: “函数”: 从“const __int64”转换到“std::size_t”，可能丢失数据
distance.c(49): warning C4244: “函数”: 从“const __int64”转换到“std::size_t”，可能丢失数据
distance.c(50): warning C4244: “函数”: 从“__int64”转换到“std::size_t”，可能丢失数据
distance.c(66): warning C4244: “=”: 从“double”转换到“float”，可能丢失数据
distance.c(119): warning C4244: “=”: 从“double”转换到“float”，可能丢失数据
distance.c(133): warning C4996: 'strcpy': This function or variable may be unsafe. Consider using strcpy_s instead. To disable deprecation, use _CRT_SECURE_NO_WARNINGS. See online help for details.
distance.c(136): warning C4996: 'strcpy': This function or variable may be unsafe. Consider using strcpy_s instead. To disable deprecation, use _CRT_SECURE_NO_WARNINGS. See online help for details.
distance.c(41): warning C4996: 'fopen': This function or variable may be unsafe. Consider using fopen_s instead. To disable deprecation, use _CRT_SECURE_NO_WARNINGS. See online help for details.
  C:\Program Files (x86)\Windows Kits\10\Include\10.0.10240.0\ucrt\stdio.h(205): note: 参见“fopen”的声明
distance.c(46): warning C4996: 'fscanf': This function or variable may be unsafe. Consider using fscanf_s instead. To disable deprecation, use _CRT_SECURE_NO_WARNINGS. See online help for details.
  C:\Program Files (x86)\Windows Kits\10\Include\10.0.10240.0\ucrt\stdio.h(1193): note: 参见“fscanf”的声明
distance.c(47): warning C4996: 'fscanf': This function or variable may be unsafe. Consider using fscanf_s instead. To disable deprecation, use _CRT_SECURE_NO_WARNINGS. See online help for details.
  C:\Program Files (x86)\Windows Kits\10\Include\10.0.10240.0\ucrt\stdio.h(1193): note: 参见“fscanf”的声明
distance.c(33): warning C4101: “ch”: 未引用的局部变量
  正在生成代码
  All 7 functions were compiled because no usable IPDB/IOBJ from previous compilation was found.
  已完成代码的生成
  distance.vcxproj -> E:\ano\Workspace\visual studio\Projects\distance\Release\distance.exe
  distance.vcxproj -> E:\ano\Workspace\visual studio\Projects\distance\Release\distance.pdb (Full PDB)
